[2021-11-24 10:43:22] messenger_audit.INFO: [619dfb2a330fe] sent App\Message\AddPonkaToImage {"id":"619dfb2a330fe","class":"App\\Message\\AddPonkaToImage"} []
[2021-11-24 10:43:25] messenger_audit.INFO: [619dfb2a330fe] Received App\Message\AddPonkaToImage {"id":"619dfb2a330fe","class":"App\\Message\\AddPonkaToImage"} []
[2021-11-24 10:44:20] messenger_audit.INFO: [619dfb641afd1] sent App\Message\DeletePhotoFile {"id":"619dfb641afd1","class":"App\\Message\\DeletePhotoFile"} []
[2021-11-24 10:44:20] messenger_audit.INFO: [619dfb6418048] Handling sync App\Message\DeleteImagePost {"id":"619dfb6418048","class":"App\\Message\\DeleteImagePost"} []
[2021-11-24 10:44:23] messenger_audit.INFO: [619dfb641afd1] Received App\Message\DeletePhotoFile {"id":"619dfb641afd1","class":"App\\Message\\DeletePhotoFile"} []
[2021-11-24 11:28:30] messenger_audit.INFO: [619cf784d123e] Received App\Message\AddPonkaToImage {"id":"619cf784d123e","class":"App\\Message\\AddPonkaToImage"} []
[2021-11-24 11:31:08] messenger_audit.INFO: [619df8400b456] Received App\Message\AddPonkaToImage {"id":"619df8400b456","class":"App\\Message\\AddPonkaToImage"} []
[2021-11-24 11:41:29] messenger_audit.INFO: [619e08c725b32] Received App\Message\AddPonkaToImage {"id":"619e08c725b32","class":"App\\Message\\AddPonkaToImage"} []
[2021-11-24 11:41:29] messenger_audit.INFO: [619e08c725b32] Received App\Message\AddPonkaToImage {"id":"619e08c725b32","class":"App\\Message\\AddPonkaToImage"} []
[2021-11-24 11:41:29] messenger_audit.INFO: [619e08c725b12] Received App\Message\AddPonkaToImage {"id":"619e08c725b12","class":"App\\Message\\AddPonkaToImage"} []
[2021-11-24 11:41:29] messenger_audit.INFO: [619e08c725b12] Received App\Message\AddPonkaToImage {"id":"619e08c725b12","class":"App\\Message\\AddPonkaToImage"} []
[2021-11-24 11:41:31] messenger_audit.INFO: [619e08c940d4c] Received App\Message\AddPonkaToImage {"id":"619e08c940d4c","class":"App\\Message\\AddPonkaToImage"} []
[2021-11-24 11:41:31] messenger_audit.INFO: [619e08c940d4c] Received App\Message\AddPonkaToImage {"id":"619e08c940d4c","class":"App\\Message\\AddPonkaToImage"} []
[2021-11-24 11:41:31] messenger_audit.INFO: [619e08c9774f4] Received App\Message\AddPonkaToImage {"id":"619e08c9774f4","class":"App\\Message\\AddPonkaToImage"} []
[2021-11-24 11:41:31] messenger_audit.INFO: [619e08c9774f4] Received App\Message\AddPonkaToImage {"id":"619e08c9774f4","class":"App\\Message\\AddPonkaToImage"} []
[2021-11-24 11:45:29] messenger_audit.INFO: [619e09b9c7f4b] sent App\Message\AddPonkaToImage {"id":"619e09b9c7f4b","class":"App\\Message\\AddPonkaToImage"} []
[2021-11-24 11:45:31] messenger_audit.INFO: [619e09bb9204c] sent App\Message\AddPonkaToImage {"id":"619e09bb9204c","class":"App\\Message\\AddPonkaToImage"} []
[2021-11-24 11:45:31] messenger_audit.INFO: [619e09b9c7f4b] Received App\Message\AddPonkaToImage {"id":"619e09b9c7f4b","class":"App\\Message\\AddPonkaToImage"} []
[2021-11-24 11:45:32] messenger_audit.INFO: [619e09bc922c2] sent App\Message\DeletePhotoFile {"id":"619e09bc922c2","class":"App\\Message\\DeletePhotoFile"} []
[2021-11-24 11:45:32] messenger_audit.INFO: [619e09bc91e4c] Handling sync App\Message\DeleteImagePost {"id":"619e09bc91e4c","class":"App\\Message\\DeleteImagePost"} []
[2021-11-24 11:45:33] messenger_audit.INFO: [619e09bb9204c] Received App\Message\AddPonkaToImage {"id":"619e09bb9204c","class":"App\\Message\\AddPonkaToImage"} []
[2021-11-24 11:45:34] messenger_audit.INFO: [619e09beca407] sent App\Message\DeletePhotoFile {"id":"619e09beca407","class":"App\\Message\\DeletePhotoFile"} []
[2021-11-24 11:45:34] messenger_audit.INFO: [619e09bec9f5a] Handling sync App\Message\DeleteImagePost {"id":"619e09bec9f5a","class":"App\\Message\\DeleteImagePost"} []
[2021-11-24 11:45:36] messenger_audit.INFO: [619e09bc922c2] Received App\Message\DeletePhotoFile {"id":"619e09bc922c2","class":"App\\Message\\DeletePhotoFile"} []
[2021-11-24 11:45:40] messenger_audit.INFO: [619e09beca407] Received App\Message\DeletePhotoFile {"id":"619e09beca407","class":"App\\Message\\DeletePhotoFile"} []
